-------------------------------------------------------------------------------
Test set: org.apache.flume.source.taildir.TestTaildirEventReader
-------------------------------------------------------------------------------
Tests run: 12, Failures: 0, Errors: 12, Skipped: 0, Time elapsed: 2.784 sec <<< FAILURE!
testBasicReadFiles(org.apache.flume.source.taildir.TestTaildirEventReader)  Time elapsed: 65 sec  <<< ERROR!
java.lang.UnsupportedOperationException: View 'unix' not available
	at sun.nio.fs.AbstractFileSystemProvider.readAttributes(AbstractFileSystemProvider.java:91)
	at java.nio.file.Files.readAttributes(Files.java:1964)
	at java.nio.file.Files.getAttribute(Files.java:1869)
	at org.apache.flume.source.taildir.ReliableTaildirEventReader.getInode(ReliableTaildirEventReader.java:342)
	at org.apache.flume.source.taildir.ReliableTaildirEventReader.updateTailFiles(ReliableTaildirEventReader.java:249)
	at org.apache.flume.source.taildir.ReliableTaildirEventReader.<init>(ReliableTaildirEventReader.java:97)
	at org.apache.flume.source.taildir.ReliableTaildirEventReader.<init>(ReliableTaildirEventReader.java:55)
	at org.apache.flume.source.taildir.ReliableTaildirEventReader$Builder.build(ReliableTaildirEventReader.java:391)
	at org.apache.flume.source.taildir.TestTaildirEventReader.getReader(TestTaildirEventReader.java:79)
	at org.apache.flume.source.taildir.TestTaildirEventReader.getReader(TestTaildirEventReader.java:90)
	at org.apache.flume.source.taildir.TestTaildirEventReader.getReader(TestTaildirEventReader.java:94)
	at org.apache.flume.source.taildir.TestTaildirEventReader.testBasicReadFiles(TestTaildirEventReader.java:127)
	at sun.reflect.NativeMethodAccessorImpl.invoke0(Native Method)
	at sun.reflect.NativeMethodAccessorImpl.invoke(NativeMethodAccessorImpl.java:62)
	at sun.reflect.DelegatingMethodAccessorImpl.invoke(DelegatingMethodAccessorImpl.java:43)
	at java.lang.reflect.Method.invoke(Method.java:498)
	at org.junit.runners.model.FrameworkMethod$1.runReflectiveCall(FrameworkMethod.java:45)
	at org.junit.internal.runners.model.ReflectiveCallable.run(ReflectiveCallable.java:15)
	at org.junit.runners.model.FrameworkMethod.invokeExplosively(FrameworkMethod.java:42)
	at org.junit.internal.runners.statements.InvokeMethod.evaluate(InvokeMethod.java:20)
	at org.junit.internal.runners.statements.RunBefores.evaluate(RunBefores.java:28)
	at org.junit.internal.runners.statements.RunAfters.evaluate(RunAfters.java:30)
	at org.junit.runners.ParentRunner.runLeaf(ParentRunner.java:263)
	at org.junit.runners.BlockJUnit4ClassRunner.runChild(BlockJUnit4ClassRunner.java:68)
	at org.junit.runners.BlockJUnit4ClassRunner.runChild(BlockJUnit4ClassRunner.java:47)
	at org.junit.runners.ParentRunner$3.run(ParentRunner.java:231)
	at org.junit.runners.ParentRunner$1.schedule(ParentRunner.java:60)
	at org.junit.runners.ParentRunner.runChildren(ParentRunner.java:229)
	at org.junit.runners.ParentRunner.access$000(ParentRunner.java:50)
	at org.junit.runners.ParentRunner$2.evaluate(ParentRunner.java:222)
	at org.junit.runners.ParentRunner.run(ParentRunner.java:300)
	at org.apache.maven.surefire.junit4.JUnit4Provider.execute(JUnit4Provider.java:252)
	at org.apache.maven.surefire.junit4.JUnit4Provider.executeTestSet(JUnit4Provider.java:141)
	at org.apache.maven.surefire.junit4.JUnit4Provider.invoke(JUnit4Provider.java:112)
	at sun.reflect.NativeMethodAccessorImpl.invoke0(Native Method)
	at sun.reflect.NativeMethodAccessorImpl.invoke(NativeMethodAccessorImpl.java:62)
	at sun.reflect.DelegatingMethodAccessorImpl.invoke(DelegatingMethodAccessorImpl.java:43)
	at java.lang.reflect.Method.invoke(Method.java:498)
	at org.apache.maven.surefire.util.ReflectionUtils.invokeMethodWithArray(ReflectionUtils.java:189)
	at org.apache.maven.surefire.booter.ProviderFactory$ProviderProxy.invoke(ProviderFactory.java:165)
	at org.apache.maven.surefire.booter.ProviderFactory.invokeProvider(ProviderFactory.java:85)
	at org.apache.maven.surefire.booter.ForkedBooter.runSuitesInProcess(ForkedBooter.java:115)
	at org.apache.maven.surefire.booter.ForkedBooter.main(ForkedBooter.java:75)

testBasicCommitFailure(org.apache.flume.source.taildir.TestTaildirEventReader)  Time elapsed: 8 sec  <<< ERROR!
java.lang.UnsupportedOperationException: View 'unix' not available
	at sun.nio.fs.AbstractFileSystemProvider.readAttributes(AbstractFileSystemProvider.java:91)
	at java.nio.file.Files.readAttributes(Files.java:1964)
	at java.nio.file.Files.getAttribute(Files.java:1869)
	at org.apache.flume.source.taildir.ReliableTaildirEventReader.getInode(ReliableTaildirEventReader.java:342)
	at org.apache.flume.source.taildir.ReliableTaildirEventReader.updateTailFiles(ReliableTaildirEventReader.java:249)
	at org.apache.flume.source.taildir.ReliableTaildirEventReader.<init>(ReliableTaildirEventReader.java:97)
	at org.apache.flume.source.taildir.ReliableTaildirEventReader.<init>(ReliableTaildirEventReader.java:55)
	at org.apache.flume.source.taildir.ReliableTaildirEventReader$Builder.build(ReliableTaildirEventReader.java:391)
	at org.apache.flume.source.taildir.TestTaildirEventReader.getReader(TestTaildirEventReader.java:79)
	at org.apache.flume.source.taildir.TestTaildirEventReader.getReader(TestTaildirEventReader.java:90)
	at org.apache.flume.source.taildir.TestTaildirEventReader.getReader(TestTaildirEventReader.java:94)
	at org.apache.flume.source.taildir.TestTaildirEventReader.testBasicCommitFailure(TestTaildirEventReader.java:197)
	at sun.reflect.NativeMethodAccessorImpl.invoke0(Native Method)
	at sun.reflect.NativeMethodAccessorImpl.invoke(NativeMethodAccessorImpl.java:62)
	at sun.reflect.DelegatingMethodAccessorImpl.invoke(DelegatingMethodAccessorImpl.java:43)
	at java.lang.reflect.Method.invoke(Method.java:498)
	at org.junit.runners.model.FrameworkMethod$1.runReflectiveCall(FrameworkMethod.java:45)
	at org.junit.internal.runners.model.ReflectiveCallable.run(ReflectiveCallable.java:15)
	at org.junit.runners.model.FrameworkMethod.invokeExplosively(FrameworkMethod.java:42)
	at org.junit.internal.runners.statements.InvokeMethod.evaluate(InvokeMethod.java:20)
	at org.junit.internal.runners.statements.RunBefores.evaluate(RunBefores.java:28)
	at org.junit.internal.runners.statements.RunAfters.evaluate(RunAfters.java:30)
	at org.junit.runners.ParentRunner.runLeaf(ParentRunner.java:263)
	at org.junit.runners.BlockJUnit4ClassRunner.runChild(BlockJUnit4ClassRunner.java:68)
	at org.junit.runners.BlockJUnit4ClassRunner.runChild(BlockJUnit4ClassRunner.java:47)
	at org.junit.runners.ParentRunner$3.run(ParentRunner.java:231)
	at org.junit.runners.ParentRunner$1.schedule(ParentRunner.java:60)
	at org.junit.runners.ParentRunner.runChildren(ParentRunner.java:229)
	at org.junit.runners.ParentRunner.access$000(ParentRunner.java:50)
	at org.junit.runners.ParentRunner$2.evaluate(ParentRunner.java:222)
	at org.junit.runners.ParentRunner.run(ParentRunner.java:300)
	at org.apache.maven.surefire.junit4.JUnit4Provider.execute(JUnit4Provider.java:252)
	at org.apache.maven.surefire.junit4.JUnit4Provider.executeTestSet(JUnit4Provider.java:141)
	at org.apache.maven.surefire.junit4.JUnit4Provider.invoke(JUnit4Provider.java:112)
	at sun.reflect.NativeMethodAccessorImpl.invoke0(Native Method)
	at sun.reflect.NativeMethodAccessorImpl.invoke(NativeMethodAccessorImpl.java:62)
	at sun.reflect.DelegatingMethodAccessorImpl.invoke(DelegatingMethodAccessorImpl.java:43)
	at java.lang.reflect.Method.invoke(Method.java:498)
	at org.apache.maven.surefire.util.ReflectionUtils.invokeMethodWithArray(ReflectionUtils.java:189)
	at org.apache.maven.surefire.booter.ProviderFactory$ProviderProxy.invoke(ProviderFactory.java:165)
	at org.apache.maven.surefire.booter.ProviderFactory.invokeProvider(ProviderFactory.java:85)
	at org.apache.maven.surefire.booter.ForkedBooter.runSuitesInProcess(ForkedBooter.java:115)
	at org.apache.maven.surefire.booter.ForkedBooter.main(ForkedBooter.java:75)

testIncludeEmptyFile(org.apache.flume.source.taildir.TestTaildirEventReader)  Time elapsed: 7 sec  <<< ERROR!
java.lang.UnsupportedOperationException: View 'unix' not available
	at sun.nio.fs.AbstractFileSystemProvider.readAttributes(AbstractFileSystemProvider.java:91)
	at java.nio.file.Files.readAttributes(Files.java:1964)
	at java.nio.file.Files.getAttribute(Files.java:1869)
	at org.apache.flume.source.taildir.ReliableTaildirEventReader.getInode(ReliableTaildirEventReader.java:342)
	at org.apache.flume.source.taildir.ReliableTaildirEventReader.updateTailFiles(ReliableTaildirEventReader.java:249)
	at org.apache.flume.source.taildir.ReliableTaildirEventReader.<init>(ReliableTaildirEventReader.java:97)
	at org.apache.flume.source.taildir.ReliableTaildirEventReader.<init>(ReliableTaildirEventReader.java:55)
	at org.apache.flume.source.taildir.ReliableTaildirEventReader$Builder.build(ReliableTaildirEventReader.java:391)
	at org.apache.flume.source.taildir.TestTaildirEventReader.getReader(TestTaildirEventReader.java:79)
	at org.apache.flume.source.taildir.TestTaildirEventReader.getReader(TestTaildirEventReader.java:90)
	at org.apache.flume.source.taildir.TestTaildirEventReader.getReader(TestTaildirEventReader.java:94)
	at org.apache.flume.source.taildir.TestTaildirEventReader.testIncludeEmptyFile(TestTaildirEventReader.java:272)
	at sun.reflect.NativeMethodAccessorImpl.invoke0(Native Method)
	at sun.reflect.NativeMethodAccessorImpl.invoke(NativeMethodAccessorImpl.java:62)
	at sun.reflect.DelegatingMethodAccessorImpl.invoke(DelegatingMethodAccessorImpl.java:43)
	at java.lang.reflect.Method.invoke(Method.java:498)
	at org.junit.runners.model.FrameworkMethod$1.runReflectiveCall(FrameworkMethod.java:45)
	at org.junit.internal.runners.model.ReflectiveCallable.run(ReflectiveCallable.java:15)
	at org.junit.runners.model.FrameworkMethod.invokeExplosively(FrameworkMethod.java:42)
	at org.junit.internal.runners.statements.InvokeMethod.evaluate(InvokeMethod.java:20)
	at org.junit.internal.runners.statements.RunBefores.evaluate(RunBefores.java:28)
	at org.junit.internal.runners.statements.RunAfters.evaluate(RunAfters.java:30)
	at org.junit.runners.ParentRunner.runLeaf(ParentRunner.java:263)
	at org.junit.runners.BlockJUnit4ClassRunner.runChild(BlockJUnit4ClassRunner.java:68)
	at org.junit.runners.BlockJUnit4ClassRunner.runChild(BlockJUnit4ClassRunner.java:47)
	at org.junit.runners.ParentRunner$3.run(ParentRunner.java:231)
	at org.junit.runners.ParentRunner$1.schedule(ParentRunner.java:60)
	at org.junit.runners.ParentRunner.runChildren(ParentRunner.java:229)
	at org.junit.runners.ParentRunner.access$000(ParentRunner.java:50)
	at org.junit.runners.ParentRunner$2.evaluate(ParentRunner.java:222)
	at org.junit.runners.ParentRunner.run(ParentRunner.java:300)
	at org.apache.maven.surefire.junit4.JUnit4Provider.execute(JUnit4Provider.java:252)
	at org.apache.maven.surefire.junit4.JUnit4Provider.executeTestSet(JUnit4Provider.java:141)
	at org.apache.maven.surefire.junit4.JUnit4Provider.invoke(JUnit4Provider.java:112)
	at sun.reflect.NativeMethodAccessorImpl.invoke0(Native Method)
	at sun.reflect.NativeMethodAccessorImpl.invoke(NativeMethodAccessorImpl.java:62)
	at sun.reflect.DelegatingMethodAccessorImpl.invoke(DelegatingMethodAccessorImpl.java:43)
	at java.lang.reflect.Method.invoke(Method.java:498)
	at org.apache.maven.surefire.util.ReflectionUtils.invokeMethodWithArray(ReflectionUtils.java:189)
	at org.apache.maven.surefire.booter.ProviderFactory$ProviderProxy.invoke(ProviderFactory.java:165)
	at org.apache.maven.surefire.booter.ProviderFactory.invokeProvider(ProviderFactory.java:85)
	at org.apache.maven.surefire.booter.ForkedBooter.runSuitesInProcess(ForkedBooter.java:115)
	at org.apache.maven.surefire.booter.ForkedBooter.main(ForkedBooter.java:75)

testBackoffWithoutNewLine(org.apache.flume.source.taildir.TestTaildirEventReader)  Time elapsed: 8 sec  <<< ERROR!
java.lang.UnsupportedOperationException: View 'unix' not available
	at sun.nio.fs.AbstractFileSystemProvider.readAttributes(AbstractFileSystemProvider.java:91)
	at java.nio.file.Files.readAttributes(Files.java:1964)
	at java.nio.file.Files.getAttribute(Files.java:1869)
	at org.apache.flume.source.taildir.ReliableTaildirEventReader.getInode(ReliableTaildirEventReader.java:342)
	at org.apache.flume.source.taildir.ReliableTaildirEventReader.updateTailFiles(ReliableTaildirEventReader.java:249)
	at org.apache.flume.source.taildir.ReliableTaildirEventReader.<init>(ReliableTaildirEventReader.java:97)
	at org.apache.flume.source.taildir.ReliableTaildirEventReader.<init>(ReliableTaildirEventReader.java:55)
	at org.apache.flume.source.taildir.ReliableTaildirEventReader$Builder.build(ReliableTaildirEventReader.java:391)
	at org.apache.flume.source.taildir.TestTaildirEventReader.getReader(TestTaildirEventReader.java:79)
	at org.apache.flume.source.taildir.TestTaildirEventReader.getReader(TestTaildirEventReader.java:90)
	at org.apache.flume.source.taildir.TestTaildirEventReader.getReader(TestTaildirEventReader.java:94)
	at org.apache.flume.source.taildir.TestTaildirEventReader.testBackoffWithoutNewLine(TestTaildirEventReader.java:290)
	at sun.reflect.NativeMethodAccessorImpl.invoke0(Native Method)
	at sun.reflect.NativeMethodAccessorImpl.invoke(NativeMethodAccessorImpl.java:62)
	at sun.reflect.DelegatingMethodAccessorImpl.invoke(DelegatingMethodAccessorImpl.java:43)
	at java.lang.reflect.Method.invoke(Method.java:498)
	at org.junit.runners.model.FrameworkMethod$1.runReflectiveCall(FrameworkMethod.java:45)
	at org.junit.internal.runners.model.ReflectiveCallable.run(ReflectiveCallable.java:15)
	at org.junit.runners.model.FrameworkMethod.invokeExplosively(FrameworkMethod.java:42)
	at org.junit.internal.runners.statements.InvokeMethod.evaluate(InvokeMethod.java:20)
	at org.junit.internal.runners.statements.RunBefores.evaluate(RunBefores.java:28)
	at org.junit.internal.runners.statements.RunAfters.evaluate(RunAfters.java:30)
	at org.junit.runners.ParentRunner.runLeaf(ParentRunner.java:263)
	at org.junit.runners.BlockJUnit4ClassRunner.runChild(BlockJUnit4ClassRunner.java:68)
	at org.junit.runners.BlockJUnit4ClassRunner.runChild(BlockJUnit4ClassRunner.java:47)
	at org.junit.runners.ParentRunner$3.run(ParentRunner.java:231)
	at org.junit.runners.ParentRunner$1.schedule(ParentRunner.java:60)
	at org.junit.runners.ParentRunner.runChildren(ParentRunner.java:229)
	at org.junit.runners.ParentRunner.access$000(ParentRunner.java:50)
	at org.junit.runners.ParentRunner$2.evaluate(ParentRunner.java:222)
	at org.junit.runners.ParentRunner.run(ParentRunner.java:300)
	at org.apache.maven.surefire.junit4.JUnit4Provider.execute(JUnit4Provider.java:252)
	at org.apache.maven.surefire.junit4.JUnit4Provider.executeTestSet(JUnit4Provider.java:141)
	at org.apache.maven.surefire.junit4.JUnit4Provider.invoke(JUnit4Provider.java:112)
	at sun.reflect.NativeMethodAccessorImpl.invoke0(Native Method)
	at sun.reflect.NativeMethodAccessorImpl.invoke(NativeMethodAccessorImpl.java:62)
	at sun.reflect.DelegatingMethodAccessorImpl.invoke(DelegatingMethodAccessorImpl.java:43)
	at java.lang.reflect.Method.invoke(Method.java:498)
	at org.apache.maven.surefire.util.ReflectionUtils.invokeMethodWithArray(ReflectionUtils.java:189)
	at org.apache.maven.surefire.booter.ProviderFactory$ProviderProxy.invoke(ProviderFactory.java:165)
	at org.apache.maven.surefire.booter.ProviderFactory.invokeProvider(ProviderFactory.java:85)
	at org.apache.maven.surefire.booter.ForkedBooter.runSuitesInProcess(ForkedBooter.java:115)
	at org.apache.maven.surefire.booter.ForkedBooter.main(ForkedBooter.java:75)

testLargeNumberOfFiles(org.apache.flume.source.taildir.TestTaildirEventReader)  Time elapsed: 2559 sec  <<< ERROR!
java.lang.UnsupportedOperationException: View 'unix' not available
	at sun.nio.fs.AbstractFileSystemProvider.readAttributes(AbstractFileSystemProvider.java:91)
	at java.nio.file.Files.readAttributes(Files.java:1964)
	at java.nio.file.Files.getAttribute(Files.java:1869)
	at org.apache.flume.source.taildir.ReliableTaildirEventReader.getInode(ReliableTaildirEventReader.java:342)
	at org.apache.flume.source.taildir.ReliableTaildirEventReader.updateTailFiles(ReliableTaildirEventReader.java:249)
	at org.apache.flume.source.taildir.ReliableTaildirEventReader.<init>(ReliableTaildirEventReader.java:97)
	at org.apache.flume.source.taildir.ReliableTaildirEventReader.<init>(ReliableTaildirEventReader.java:55)
	at org.apache.flume.source.taildir.ReliableTaildirEventReader$Builder.build(ReliableTaildirEventReader.java:391)
	at org.apache.flume.source.taildir.TestTaildirEventReader.getReader(TestTaildirEventReader.java:79)
	at org.apache.flume.source.taildir.TestTaildirEventReader.getReader(TestTaildirEventReader.java:90)
	at org.apache.flume.source.taildir.TestTaildirEventReader.getReader(TestTaildirEventReader.java:94)
	at org.apache.flume.source.taildir.TestTaildirEventReader.testLargeNumberOfFiles(TestTaildirEventReader.java:381)
	at sun.reflect.NativeMethodAccessorImpl.invoke0(Native Method)
	at sun.reflect.NativeMethodAccessorImpl.invoke(NativeMethodAccessorImpl.java:62)
	at sun.reflect.DelegatingMethodAccessorImpl.invoke(DelegatingMethodAccessorImpl.java:43)
	at java.lang.reflect.Method.invoke(Method.java:498)
	at org.junit.runners.model.FrameworkMethod$1.runReflectiveCall(FrameworkMethod.java:45)
	at org.junit.internal.runners.model.ReflectiveCallable.run(ReflectiveCallable.java:15)
	at org.junit.runners.model.FrameworkMethod.invokeExplosively(FrameworkMethod.java:42)
	at org.junit.internal.runners.statements.InvokeMethod.evaluate(InvokeMethod.java:20)
	at org.junit.internal.runners.statements.RunBefores.evaluate(RunBefores.java:28)
	at org.junit.internal.runners.statements.RunAfters.evaluate(RunAfters.java:30)
	at org.junit.runners.ParentRunner.runLeaf(ParentRunner.java:263)
	at org.junit.runners.BlockJUnit4ClassRunner.runChild(BlockJUnit4ClassRunner.java:68)
	at org.junit.runners.BlockJUnit4ClassRunner.runChild(BlockJUnit4ClassRunner.java:47)
	at org.junit.runners.ParentRunner$3.run(ParentRunner.java:231)
	at org.junit.runners.ParentRunner$1.schedule(ParentRunner.java:60)
	at org.junit.runners.ParentRunner.runChildren(ParentRunner.java:229)
	at org.junit.runners.ParentRunner.access$000(ParentRunner.java:50)
	at org.junit.runners.ParentRunner$2.evaluate(ParentRunner.java:222)
	at org.junit.runners.ParentRunner.run(ParentRunner.java:300)
	at org.apache.maven.surefire.junit4.JUnit4Provider.execute(JUnit4Provider.java:252)
	at org.apache.maven.surefire.junit4.JUnit4Provider.executeTestSet(JUnit4Provider.java:141)
	at org.apache.maven.surefire.junit4.JUnit4Provider.invoke(JUnit4Provider.java:112)
	at sun.reflect.NativeMethodAccessorImpl.invoke0(Native Method)
	at sun.reflect.NativeMethodAccessorImpl.invoke(NativeMethodAccessorImpl.java:62)
	at sun.reflect.DelegatingMethodAccessorImpl.invoke(DelegatingMethodAccessorImpl.java:43)
	at java.lang.reflect.Method.invoke(Method.java:498)
	at org.apache.maven.surefire.util.ReflectionUtils.invokeMethodWithArray(ReflectionUtils.java:189)
	at org.apache.maven.surefire.booter.ProviderFactory$ProviderProxy.invoke(ProviderFactory.java:165)
	at org.apache.maven.surefire.booter.ProviderFactory.invokeProvider(ProviderFactory.java:85)
	at org.apache.maven.surefire.booter.ForkedBooter.runSuitesInProcess(ForkedBooter.java:115)
	at org.apache.maven.surefire.booter.ForkedBooter.main(ForkedBooter.java:75)

testLoadPositionFile(org.apache.flume.source.taildir.TestTaildirEventReader)  Time elapsed: 43 sec  <<< ERROR!
java.lang.UnsupportedOperationException: View 'unix' not available
	at sun.nio.fs.AbstractFileSystemProvider.readAttributes(AbstractFileSystemProvider.java:91)
	at java.nio.file.Files.readAttributes(Files.java:1964)
	at java.nio.file.Files.getAttribute(Files.java:1869)
	at org.apache.flume.source.taildir.ReliableTaildirEventReader.getInode(ReliableTaildirEventReader.java:342)
	at org.apache.flume.source.taildir.ReliableTaildirEventReader.updateTailFiles(ReliableTaildirEventReader.java:249)
	at org.apache.flume.source.taildir.ReliableTaildirEventReader.<init>(ReliableTaildirEventReader.java:97)
	at org.apache.flume.source.taildir.ReliableTaildirEventReader.<init>(ReliableTaildirEventReader.java:55)
	at org.apache.flume.source.taildir.ReliableTaildirEventReader$Builder.build(ReliableTaildirEventReader.java:391)
	at org.apache.flume.source.taildir.TestTaildirEventReader.getReader(TestTaildirEventReader.java:79)
	at org.apache.flume.source.taildir.TestTaildirEventReader.getReader(TestTaildirEventReader.java:90)
	at org.apache.flume.source.taildir.TestTaildirEventReader.getReader(TestTaildirEventReader.java:94)
	at org.apache.flume.source.taildir.TestTaildirEventReader.testLoadPositionFile(TestTaildirEventReader.java:402)
	at sun.reflect.NativeMethodAccessorImpl.invoke0(Native Method)
	at sun.reflect.NativeMethodAccessorImpl.invoke(NativeMethodAccessorImpl.java:62)
	at sun.reflect.DelegatingMethodAccessorImpl.invoke(DelegatingMethodAccessorImpl.java:43)
	at java.lang.reflect.Method.invoke(Method.java:498)
	at org.junit.runners.model.FrameworkMethod$1.runReflectiveCall(FrameworkMethod.java:45)
	at org.junit.internal.runners.model.ReflectiveCallable.run(ReflectiveCallable.java:15)
	at org.junit.runners.model.FrameworkMethod.invokeExplosively(FrameworkMethod.java:42)
	at org.junit.internal.runners.statements.InvokeMethod.evaluate(InvokeMethod.java:20)
	at org.junit.internal.runners.statements.RunBefores.evaluate(RunBefores.java:28)
	at org.junit.internal.runners.statements.RunAfters.evaluate(RunAfters.java:30)
	at org.junit.runners.ParentRunner.runLeaf(ParentRunner.java:263)
	at org.junit.runners.BlockJUnit4ClassRunner.runChild(BlockJUnit4ClassRunner.java:68)
	at org.junit.runners.BlockJUnit4ClassRunner.runChild(BlockJUnit4ClassRunner.java:47)
	at org.junit.runners.ParentRunner$3.run(ParentRunner.java:231)
	at org.junit.runners.ParentRunner$1.schedule(ParentRunner.java:60)
	at org.junit.runners.ParentRunner.runChildren(ParentRunner.java:229)
	at org.junit.runners.ParentRunner.access$000(ParentRunner.java:50)
	at org.junit.runners.ParentRunner$2.evaluate(ParentRunner.java:222)
	at org.junit.runners.ParentRunner.run(ParentRunner.java:300)
	at org.apache.maven.surefire.junit4.JUnit4Provider.execute(JUnit4Provider.java:252)
	at org.apache.maven.surefire.junit4.JUnit4Provider.executeTestSet(JUnit4Provider.java:141)
	at org.apache.maven.surefire.junit4.JUnit4Provider.invoke(JUnit4Provider.java:112)
	at sun.reflect.NativeMethodAccessorImpl.invoke0(Native Method)
	at sun.reflect.NativeMethodAccessorImpl.invoke(NativeMethodAccessorImpl.java:62)
	at sun.reflect.DelegatingMethodAccessorImpl.invoke(DelegatingMethodAccessorImpl.java:43)
	at java.lang.reflect.Method.invoke(Method.java:498)
	at org.apache.maven.surefire.util.ReflectionUtils.invokeMethodWithArray(ReflectionUtils.java:189)
	at org.apache.maven.surefire.booter.ProviderFactory$ProviderProxy.invoke(ProviderFactory.java:165)
	at org.apache.maven.surefire.booter.ProviderFactory.invokeProvider(ProviderFactory.java:85)
	at org.apache.maven.surefire.booter.ForkedBooter.runSuitesInProcess(ForkedBooter.java:115)
	at org.apache.maven.surefire.booter.ForkedBooter.main(ForkedBooter.java:75)

testSkipToEndPosition(org.apache.flume.source.taildir.TestTaildirEventReader)  Time elapsed: 15 sec  <<< ERROR!
java.lang.UnsupportedOperationException: View 'unix' not available
	at sun.nio.fs.AbstractFileSystemProvider.readAttributes(AbstractFileSystemProvider.java:91)
	at java.nio.file.Files.readAttributes(Files.java:1964)
	at java.nio.file.Files.getAttribute(Files.java:1869)
	at org.apache.flume.source.taildir.ReliableTaildirEventReader.getInode(ReliableTaildirEventReader.java:342)
	at org.apache.flume.source.taildir.ReliableTaildirEventReader.updateTailFiles(ReliableTaildirEventReader.java:249)
	at org.apache.flume.source.taildir.ReliableTaildirEventReader.updateTailFiles(ReliableTaildirEventReader.java:276)
	at org.apache.flume.source.taildir.TestTaildirEventReader.testSkipToEndPosition(TestTaildirEventReader.java:433)
	at sun.reflect.NativeMethodAccessorImpl.invoke0(Native Method)
	at sun.reflect.NativeMethodAccessorImpl.invoke(NativeMethodAccessorImpl.java:62)
	at sun.reflect.DelegatingMethodAccessorImpl.invoke(DelegatingMethodAccessorImpl.java:43)
	at java.lang.reflect.Method.invoke(Method.java:498)
	at org.junit.runners.model.FrameworkMethod$1.runReflectiveCall(FrameworkMethod.java:45)
	at org.junit.internal.runners.model.ReflectiveCallable.run(ReflectiveCallable.java:15)
	at org.junit.runners.model.FrameworkMethod.invokeExplosively(FrameworkMethod.java:42)
	at org.junit.internal.runners.statements.InvokeMethod.evaluate(InvokeMethod.java:20)
	at org.junit.internal.runners.statements.RunBefores.evaluate(RunBefores.java:28)
	at org.junit.internal.runners.statements.RunAfters.evaluate(RunAfters.java:30)
	at org.junit.runners.ParentRunner.runLeaf(ParentRunner.java:263)
	at org.junit.runners.BlockJUnit4ClassRunner.runChild(BlockJUnit4ClassRunner.java:68)
	at org.junit.runners.BlockJUnit4ClassRunner.runChild(BlockJUnit4ClassRunner.java:47)
	at org.junit.runners.ParentRunner$3.run(ParentRunner.java:231)
	at org.junit.runners.ParentRunner$1.schedule(ParentRunner.java:60)
	at org.junit.runners.ParentRunner.runChildren(ParentRunner.java:229)
	at org.junit.runners.ParentRunner.access$000(ParentRunner.java:50)
	at org.junit.runners.ParentRunner$2.evaluate(ParentRunner.java:222)
	at org.junit.runners.ParentRunner.run(ParentRunner.java:300)
	at org.apache.maven.surefire.junit4.JUnit4Provider.execute(JUnit4Provider.java:252)
	at org.apache.maven.surefire.junit4.JUnit4Provider.executeTestSet(JUnit4Provider.java:141)
	at org.apache.maven.surefire.junit4.JUnit4Provider.invoke(JUnit4Provider.java:112)
	at sun.reflect.NativeMethodAccessorImpl.invoke0(Native Method)
	at sun.reflect.NativeMethodAccessorImpl.invoke(NativeMethodAccessorImpl.java:62)
	at sun.reflect.DelegatingMethodAccessorImpl.invoke(DelegatingMethodAccessorImpl.java:43)
	at java.lang.reflect.Method.invoke(Method.java:498)
	at org.apache.maven.surefire.util.ReflectionUtils.invokeMethodWithArray(ReflectionUtils.java:189)
	at org.apache.maven.surefire.booter.ProviderFactory$ProviderProxy.invoke(ProviderFactory.java:165)
	at org.apache.maven.surefire.booter.ProviderFactory.invokeProvider(ProviderFactory.java:85)
	at org.apache.maven.surefire.booter.ForkedBooter.runSuitesInProcess(ForkedBooter.java:115)
	at org.apache.maven.surefire.booter.ForkedBooter.main(ForkedBooter.java:75)

testByteOffsetHeader(org.apache.flume.source.taildir.TestTaildirEventReader)  Time elapsed: 8 sec  <<< ERROR!
java.lang.UnsupportedOperationException: View 'unix' not available
	at sun.nio.fs.AbstractFileSystemProvider.readAttributes(AbstractFileSystemProvider.java:91)
	at java.nio.file.Files.readAttributes(Files.java:1964)
	at java.nio.file.Files.getAttribute(Files.java:1869)
	at org.apache.flume.source.taildir.ReliableTaildirEventReader.getInode(ReliableTaildirEventReader.java:342)
	at org.apache.flume.source.taildir.ReliableTaildirEventReader.updateTailFiles(ReliableTaildirEventReader.java:249)
	at org.apache.flume.source.taildir.ReliableTaildirEventReader.<init>(ReliableTaildirEventReader.java:97)
	at org.apache.flume.source.taildir.ReliableTaildirEventReader.<init>(ReliableTaildirEventReader.java:55)
	at org.apache.flume.source.taildir.ReliableTaildirEventReader$Builder.build(ReliableTaildirEventReader.java:391)
	at org.apache.flume.source.taildir.TestTaildirEventReader.getReader(TestTaildirEventReader.java:79)
	at org.apache.flume.source.taildir.TestTaildirEventReader.getReader(TestTaildirEventReader.java:90)
	at org.apache.flume.source.taildir.TestTaildirEventReader.testByteOffsetHeader(TestTaildirEventReader.java:459)
	at sun.reflect.NativeMethodAccessorImpl.invoke0(Native Method)
	at sun.reflect.NativeMethodAccessorImpl.invoke(NativeMethodAccessorImpl.java:62)
	at sun.reflect.DelegatingMethodAccessorImpl.invoke(DelegatingMethodAccessorImpl.java:43)
	at java.lang.reflect.Method.invoke(Method.java:498)
	at org.junit.runners.model.FrameworkMethod$1.runReflectiveCall(FrameworkMethod.java:45)
	at org.junit.internal.runners.model.ReflectiveCallable.run(ReflectiveCallable.java:15)
	at org.junit.runners.model.FrameworkMethod.invokeExplosively(FrameworkMethod.java:42)
	at org.junit.internal.runners.statements.InvokeMethod.evaluate(InvokeMethod.java:20)
	at org.junit.internal.runners.statements.RunBefores.evaluate(RunBefores.java:28)
	at org.junit.internal.runners.statements.RunAfters.evaluate(RunAfters.java:30)
	at org.junit.runners.ParentRunner.runLeaf(ParentRunner.java:263)
	at org.junit.runners.BlockJUnit4ClassRunner.runChild(BlockJUnit4ClassRunner.java:68)
	at org.junit.runners.BlockJUnit4ClassRunner.runChild(BlockJUnit4ClassRunner.java:47)
	at org.junit.runners.ParentRunner$3.run(ParentRunner.java:231)
	at org.junit.runners.ParentRunner$1.schedule(ParentRunner.java:60)
	at org.junit.runners.ParentRunner.runChildren(ParentRunner.java:229)
	at org.junit.runners.ParentRunner.access$000(ParentRunner.java:50)
	at org.junit.runners.ParentRunner$2.evaluate(ParentRunner.java:222)
	at org.junit.runners.ParentRunner.run(ParentRunner.java:300)
	at org.apache.maven.surefire.junit4.JUnit4Provider.execute(JUnit4Provider.java:252)
	at org.apache.maven.surefire.junit4.JUnit4Provider.executeTestSet(JUnit4Provider.java:141)
	at org.apache.maven.surefire.junit4.JUnit4Provider.invoke(JUnit4Provider.java:112)
	at sun.reflect.NativeMethodAccessorImpl.invoke0(Native Method)
	at sun.reflect.NativeMethodAccessorImpl.invoke(NativeMethodAccessorImpl.java:62)
	at sun.reflect.DelegatingMethodAccessorImpl.invoke(DelegatingMethodAccessorImpl.java:43)
	at java.lang.reflect.Method.invoke(Method.java:498)
	at org.apache.maven.surefire.util.ReflectionUtils.invokeMethodWithArray(ReflectionUtils.java:189)
	at org.apache.maven.surefire.booter.ProviderFactory$ProviderProxy.invoke(ProviderFactory.java:165)
	at org.apache.maven.surefire.booter.ProviderFactory.invokeProvider(ProviderFactory.java:85)
	at org.apache.maven.surefire.booter.ForkedBooter.runSuitesInProcess(ForkedBooter.java:115)
	at org.apache.maven.surefire.booter.ForkedBooter.main(ForkedBooter.java:75)

testNewLineBoundaries(org.apache.flume.source.taildir.TestTaildirEventReader)  Time elapsed: 8 sec  <<< ERROR!
java.lang.UnsupportedOperationException: View 'unix' not available
	at sun.nio.fs.AbstractFileSystemProvider.readAttributes(AbstractFileSystemProvider.java:91)
	at java.nio.file.Files.readAttributes(Files.java:1964)
	at java.nio.file.Files.getAttribute(Files.java:1869)
	at org.apache.flume.source.taildir.ReliableTaildirEventReader.getInode(ReliableTaildirEventReader.java:342)
	at org.apache.flume.source.taildir.ReliableTaildirEventReader.updateTailFiles(ReliableTaildirEventReader.java:249)
	at org.apache.flume.source.taildir.ReliableTaildirEventReader.<init>(ReliableTaildirEventReader.java:97)
	at org.apache.flume.source.taildir.ReliableTaildirEventReader.<init>(ReliableTaildirEventReader.java:55)
	at org.apache.flume.source.taildir.ReliableTaildirEventReader$Builder.build(ReliableTaildirEventReader.java:391)
	at org.apache.flume.source.taildir.TestTaildirEventReader.getReader(TestTaildirEventReader.java:79)
	at org.apache.flume.source.taildir.TestTaildirEventReader.getReader(TestTaildirEventReader.java:90)
	at org.apache.flume.source.taildir.TestTaildirEventReader.getReader(TestTaildirEventReader.java:94)
	at org.apache.flume.source.taildir.TestTaildirEventReader.testNewLineBoundaries(TestTaildirEventReader.java:477)
	at sun.reflect.NativeMethodAccessorImpl.invoke0(Native Method)
	at sun.reflect.NativeMethodAccessorImpl.invoke(NativeMethodAccessorImpl.java:62)
	at sun.reflect.DelegatingMethodAccessorImpl.invoke(DelegatingMethodAccessorImpl.java:43)
	at java.lang.reflect.Method.invoke(Method.java:498)
	at org.junit.runners.model.FrameworkMethod$1.runReflectiveCall(FrameworkMethod.java:45)
	at org.junit.internal.runners.model.ReflectiveCallable.run(ReflectiveCallable.java:15)
	at org.junit.runners.model.FrameworkMethod.invokeExplosively(FrameworkMethod.java:42)
	at org.junit.internal.runners.statements.InvokeMethod.evaluate(InvokeMethod.java:20)
	at org.junit.internal.runners.statements.RunBefores.evaluate(RunBefores.java:28)
	at org.junit.internal.runners.statements.RunAfters.evaluate(RunAfters.java:30)
	at org.junit.runners.ParentRunner.runLeaf(ParentRunner.java:263)
	at org.junit.runners.BlockJUnit4ClassRunner.runChild(BlockJUnit4ClassRunner.java:68)
	at org.junit.runners.BlockJUnit4ClassRunner.runChild(BlockJUnit4ClassRunner.java:47)
	at org.junit.runners.ParentRunner$3.run(ParentRunner.java:231)
	at org.junit.runners.ParentRunner$1.schedule(ParentRunner.java:60)
	at org.junit.runners.ParentRunner.runChildren(ParentRunner.java:229)
	at org.junit.runners.ParentRunner.access$000(ParentRunner.java:50)
	at org.junit.runners.ParentRunner$2.evaluate(ParentRunner.java:222)
	at org.junit.runners.ParentRunner.run(ParentRunner.java:300)
	at org.apache.maven.surefire.junit4.JUnit4Provider.execute(JUnit4Provider.java:252)
	at org.apache.maven.surefire.junit4.JUnit4Provider.executeTestSet(JUnit4Provider.java:141)
	at org.apache.maven.surefire.junit4.JUnit4Provider.invoke(JUnit4Provider.java:112)
	at sun.reflect.NativeMethodAccessorImpl.invoke0(Native Method)
	at sun.reflect.NativeMethodAccessorImpl.invoke(NativeMethodAccessorImpl.java:62)
	at sun.reflect.DelegatingMethodAccessorImpl.invoke(DelegatingMethodAccessorImpl.java:43)
	at java.lang.reflect.Method.invoke(Method.java:498)
	at org.apache.maven.surefire.util.ReflectionUtils.invokeMethodWithArray(ReflectionUtils.java:189)
	at org.apache.maven.surefire.booter.ProviderFactory$ProviderProxy.invoke(ProviderFactory.java:165)
	at org.apache.maven.surefire.booter.ProviderFactory.invokeProvider(ProviderFactory.java:85)
	at org.apache.maven.surefire.booter.ForkedBooter.runSuitesInProcess(ForkedBooter.java:115)
	at org.apache.maven.surefire.booter.ForkedBooter.main(ForkedBooter.java:75)

testInitiallyEmptyDirAndBehaviorAfterReadingAll(org.apache.flume.source.taildir.TestTaildirEventReader)  Time elapsed: 8 sec  <<< ERROR!
java.lang.UnsupportedOperationException: View 'unix' not available
	at sun.nio.fs.AbstractFileSystemProvider.readAttributes(AbstractFileSystemProvider.java:91)
	at java.nio.file.Files.readAttributes(Files.java:1964)
	at java.nio.file.Files.getAttribute(Files.java:1869)
	at org.apache.flume.source.taildir.ReliableTaildirEventReader.getInode(ReliableTaildirEventReader.java:342)
	at org.apache.flume.source.taildir.ReliableTaildirEventReader.updateTailFiles(ReliableTaildirEventReader.java:249)
	at org.apache.flume.source.taildir.ReliableTaildirEventReader.updateTailFiles(ReliableTaildirEventReader.java:276)
	at org.apache.flume.source.taildir.TestTaildirEventReader.testInitiallyEmptyDirAndBehaviorAfterReadingAll(TestTaildirEventReader.java:168)
	at sun.reflect.NativeMethodAccessorImpl.invoke0(Native Method)
	at sun.reflect.NativeMethodAccessorImpl.invoke(NativeMethodAccessorImpl.java:62)
	at sun.reflect.DelegatingMethodAccessorImpl.invoke(DelegatingMethodAccessorImpl.java:43)
	at java.lang.reflect.Method.invoke(Method.java:498)
	at org.junit.runners.model.FrameworkMethod$1.runReflectiveCall(FrameworkMethod.java:45)
	at org.junit.internal.runners.model.ReflectiveCallable.run(ReflectiveCallable.java:15)
	at org.junit.runners.model.FrameworkMethod.invokeExplosively(FrameworkMethod.java:42)
	at org.junit.internal.runners.statements.InvokeMethod.evaluate(InvokeMethod.java:20)
	at org.junit.internal.runners.statements.RunBefores.evaluate(RunBefores.java:28)
	at org.junit.internal.runners.statements.RunAfters.evaluate(RunAfters.java:30)
	at org.junit.runners.ParentRunner.runLeaf(ParentRunner.java:263)
	at org.junit.runners.BlockJUnit4ClassRunner.runChild(BlockJUnit4ClassRunner.java:68)
	at org.junit.runners.BlockJUnit4ClassRunner.runChild(BlockJUnit4ClassRunner.java:47)
	at org.junit.runners.ParentRunner$3.run(ParentRunner.java:231)
	at org.junit.runners.ParentRunner$1.schedule(ParentRunner.java:60)
	at org.junit.runners.ParentRunner.runChildren(ParentRunner.java:229)
	at org.junit.runners.ParentRunner.access$000(ParentRunner.java:50)
	at org.junit.runners.ParentRunner$2.evaluate(ParentRunner.java:222)
	at org.junit.runners.ParentRunner.run(ParentRunner.java:300)
	at org.apache.maven.surefire.junit4.JUnit4Provider.execute(JUnit4Provider.java:252)
	at org.apache.maven.surefire.junit4.JUnit4Provider.executeTestSet(JUnit4Provider.java:141)
	at org.apache.maven.surefire.junit4.JUnit4Provider.invoke(JUnit4Provider.java:112)
	at sun.reflect.NativeMethodAccessorImpl.invoke0(Native Method)
	at sun.reflect.NativeMethodAccessorImpl.invoke(NativeMethodAccessorImpl.java:62)
	at sun.reflect.DelegatingMethodAccessorImpl.invoke(DelegatingMethodAccessorImpl.java:43)
	at java.lang.reflect.Method.invoke(Method.java:498)
	at org.apache.maven.surefire.util.ReflectionUtils.invokeMethodWithArray(ReflectionUtils.java:189)
	at org.apache.maven.surefire.booter.ProviderFactory$ProviderProxy.invoke(ProviderFactory.java:165)
	at org.apache.maven.surefire.booter.ProviderFactory.invokeProvider(ProviderFactory.java:85)
	at org.apache.maven.surefire.booter.ForkedBooter.runSuitesInProcess(ForkedBooter.java:115)
	at org.apache.maven.surefire.booter.ForkedBooter.main(ForkedBooter.java:75)

testBasicCommitFailureAndBatchSizeChanges(org.apache.flume.source.taildir.TestTaildirEventReader)  Time elapsed: 7 sec  <<< ERROR!
java.lang.UnsupportedOperationException: View 'unix' not available
	at sun.nio.fs.AbstractFileSystemProvider.readAttributes(AbstractFileSystemProvider.java:91)
	at java.nio.file.Files.readAttributes(Files.java:1964)
	at java.nio.file.Files.getAttribute(Files.java:1869)
	at org.apache.flume.source.taildir.ReliableTaildirEventReader.getInode(ReliableTaildirEventReader.java:342)
	at org.apache.flume.source.taildir.ReliableTaildirEventReader.updateTailFiles(ReliableTaildirEventReader.java:249)
	at org.apache.flume.source.taildir.ReliableTaildirEventReader.<init>(ReliableTaildirEventReader.java:97)
	at org.apache.flume.source.taildir.ReliableTaildirEventReader.<init>(ReliableTaildirEventReader.java:55)
	at org.apache.flume.source.taildir.ReliableTaildirEventReader$Builder.build(ReliableTaildirEventReader.java:391)
	at org.apache.flume.source.taildir.TestTaildirEventReader.getReader(TestTaildirEventReader.java:79)
	at org.apache.flume.source.taildir.TestTaildirEventReader.getReader(TestTaildirEventReader.java:90)
	at org.apache.flume.source.taildir.TestTaildirEventReader.getReader(TestTaildirEventReader.java:94)
	at org.apache.flume.source.taildir.TestTaildirEventReader.testBasicCommitFailureAndBatchSizeChanges(TestTaildirEventReader.java:237)
	at sun.reflect.NativeMethodAccessorImpl.invoke0(Native Method)
	at sun.reflect.NativeMethodAccessorImpl.invoke(NativeMethodAccessorImpl.java:62)
	at sun.reflect.DelegatingMethodAccessorImpl.invoke(DelegatingMethodAccessorImpl.java:43)
	at java.lang.reflect.Method.invoke(Method.java:498)
	at org.junit.runners.model.FrameworkMethod$1.runReflectiveCall(FrameworkMethod.java:45)
	at org.junit.internal.runners.model.ReflectiveCallable.run(ReflectiveCallable.java:15)
	at org.junit.runners.model.FrameworkMethod.invokeExplosively(FrameworkMethod.java:42)
	at org.junit.internal.runners.statements.InvokeMethod.evaluate(InvokeMethod.java:20)
	at org.junit.internal.runners.statements.RunBefores.evaluate(RunBefores.java:28)
	at org.junit.internal.runners.statements.RunAfters.evaluate(RunAfters.java:30)
	at org.junit.runners.ParentRunner.runLeaf(ParentRunner.java:263)
	at org.junit.runners.BlockJUnit4ClassRunner.runChild(BlockJUnit4ClassRunner.java:68)
	at org.junit.runners.BlockJUnit4ClassRunner.runChild(BlockJUnit4ClassRunner.java:47)
	at org.junit.runners.ParentRunner$3.run(ParentRunner.java:231)
	at org.junit.runners.ParentRunner$1.schedule(ParentRunner.java:60)
	at org.junit.runners.ParentRunner.runChildren(ParentRunner.java:229)
	at org.junit.runners.ParentRunner.access$000(ParentRunner.java:50)
	at org.junit.runners.ParentRunner$2.evaluate(ParentRunner.java:222)
	at org.junit.runners.ParentRunner.run(ParentRunner.java:300)
	at org.apache.maven.surefire.junit4.JUnit4Provider.execute(JUnit4Provider.java:252)
	at org.apache.maven.surefire.junit4.JUnit4Provider.executeTestSet(JUnit4Provider.java:141)
	at org.apache.maven.surefire.junit4.JUnit4Provider.invoke(JUnit4Provider.java:112)
	at sun.reflect.NativeMethodAccessorImpl.invoke0(Native Method)
	at sun.reflect.NativeMethodAccessorImpl.invoke(NativeMethodAccessorImpl.java:62)
	at sun.reflect.DelegatingMethodAccessorImpl.invoke(DelegatingMethodAccessorImpl.java:43)
	at java.lang.reflect.Method.invoke(Method.java:498)
	at org.apache.maven.surefire.util.ReflectionUtils.invokeMethodWithArray(ReflectionUtils.java:189)
	at org.apache.maven.surefire.booter.ProviderFactory$ProviderProxy.invoke(ProviderFactory.java:165)
	at org.apache.maven.surefire.booter.ProviderFactory.invokeProvider(ProviderFactory.java:85)
	at org.apache.maven.surefire.booter.ForkedBooter.runSuitesInProcess(ForkedBooter.java:115)
	at org.apache.maven.surefire.booter.ForkedBooter.main(ForkedBooter.java:75)

testBatchedReadsAcrossFileBoundary(org.apache.flume.source.taildir.TestTaildirEventReader)  Time elapsed: 6 sec  <<< ERROR!
java.lang.UnsupportedOperationException: View 'unix' not available
	at sun.nio.fs.AbstractFileSystemProvider.readAttributes(AbstractFileSystemProvider.java:91)
	at java.nio.file.Files.readAttributes(Files.java:1964)
	at java.nio.file.Files.getAttribute(Files.java:1869)
	at org.apache.flume.source.taildir.ReliableTaildirEventReader.getInode(ReliableTaildirEventReader.java:342)
	at org.apache.flume.source.taildir.ReliableTaildirEventReader.updateTailFiles(ReliableTaildirEventReader.java:249)
	at org.apache.flume.source.taildir.ReliableTaildirEventReader.<init>(ReliableTaildirEventReader.java:97)
	at org.apache.flume.source.taildir.ReliableTaildirEventReader.<init>(ReliableTaildirEventReader.java:55)
	at org.apache.flume.source.taildir.ReliableTaildirEventReader$Builder.build(ReliableTaildirEventReader.java:391)
	at org.apache.flume.source.taildir.TestTaildirEventReader.getReader(TestTaildirEventReader.java:79)
	at org.apache.flume.source.taildir.TestTaildirEventReader.getReader(TestTaildirEventReader.java:90)
	at org.apache.flume.source.taildir.TestTaildirEventReader.getReader(TestTaildirEventReader.java:94)
	at org.apache.flume.source.taildir.TestTaildirEventReader.testBatchedReadsAcrossFileBoundary(TestTaildirEventReader.java:324)
	at sun.reflect.NativeMethodAccessorImpl.invoke0(Native Method)
	at sun.reflect.NativeMethodAccessorImpl.invoke(NativeMethodAccessorImpl.java:62)
	at sun.reflect.DelegatingMethodAccessorImpl.invoke(DelegatingMethodAccessorImpl.java:43)
	at java.lang.reflect.Method.invoke(Method.java:498)
	at org.junit.runners.model.FrameworkMethod$1.runReflectiveCall(FrameworkMethod.java:45)
	at org.junit.internal.runners.model.ReflectiveCallable.run(ReflectiveCallable.java:15)
	at org.junit.runners.model.FrameworkMethod.invokeExplosively(FrameworkMethod.java:42)
	at org.junit.internal.runners.statements.InvokeMethod.evaluate(InvokeMethod.java:20)
	at org.junit.internal.runners.statements.RunBefores.evaluate(RunBefores.java:28)
	at org.junit.internal.runners.statements.RunAfters.evaluate(RunAfters.java:30)
	at org.junit.runners.ParentRunner.runLeaf(ParentRunner.java:263)
	at org.junit.runners.BlockJUnit4ClassRunner.runChild(BlockJUnit4ClassRunner.java:68)
	at org.junit.runners.BlockJUnit4ClassRunner.runChild(BlockJUnit4ClassRunner.java:47)
	at org.junit.runners.ParentRunner$3.run(ParentRunner.java:231)
	at org.junit.runners.ParentRunner$1.schedule(ParentRunner.java:60)
	at org.junit.runners.ParentRunner.runChildren(ParentRunner.java:229)
	at org.junit.runners.ParentRunner.access$000(ParentRunner.java:50)
	at org.junit.runners.ParentRunner$2.evaluate(ParentRunner.java:222)
	at org.junit.runners.ParentRunner.run(ParentRunner.java:300)
	at org.apache.maven.surefire.junit4.JUnit4Provider.execute(JUnit4Provider.java:252)
	at org.apache.maven.surefire.junit4.JUnit4Provider.executeTestSet(JUnit4Provider.java:141)
	at org.apache.maven.surefire.junit4.JUnit4Provider.invoke(JUnit4Provider.java:112)
	at sun.reflect.NativeMethodAccessorImpl.invoke0(Native Method)
	at sun.reflect.NativeMethodAccessorImpl.invoke(NativeMethodAccessorImpl.java:62)
	at sun.reflect.DelegatingMethodAccessorImpl.invoke(DelegatingMethodAccessorImpl.java:43)
	at java.lang.reflect.Method.invoke(Method.java:498)
	at org.apache.maven.surefire.util.ReflectionUtils.invokeMethodWithArray(ReflectionUtils.java:189)
	at org.apache.maven.surefire.booter.ProviderFactory$ProviderProxy.invoke(ProviderFactory.java:165)
	at org.apache.maven.surefire.booter.ProviderFactory.invokeProvider(ProviderFactory.java:85)
	at org.apache.maven.surefire.booter.ForkedBooter.runSuitesInProcess(ForkedBooter.java:115)
	at org.apache.maven.surefire.booter.ForkedBooter.main(ForkedBooter.java:75)

