<?xml version="1.0" encoding="UTF-8" ?>
<testsuite tests="4" failures="0" name="org.apache.flume.source.taildir.TestTaildirSource" time="4.144" errors="4" skipped="0">
  <properties>
[...]
</properties>
  <testcase classname="org.apache.flume.source.taildir.TestTaildirSource" name="testRegexFileNameFiltering" time="0.09">
    <error message="View &apos;unix&apos; not available" type="java.lang.UnsupportedOperationException">java.lang.UnsupportedOperationException: View &apos;unix&apos; not available
	at sun.nio.fs.AbstractFileSystemProvider.readAttributes(AbstractFileSystemProvider.java:91)
	at java.nio.file.Files.readAttributes(Files.java:1964)
	at java.nio.file.Files.getAttribute(Files.java:1869)
	at org.apache.flume.source.taildir.ReliableTaildirEventReader.getInode(ReliableTaildirEventReader.java:342)
	at org.apache.flume.source.taildir.ReliableTaildirEventReader.updateTailFiles(ReliableTaildirEventReader.java:249)
	at org.apache.flume.source.taildir.ReliableTaildirEventReader.&lt;init&gt;(ReliableTaildirEventReader.java:97)
	at org.apache.flume.source.taildir.ReliableTaildirEventReader.&lt;init&gt;(ReliableTaildirEventReader.java:55)
	at org.apache.flume.source.taildir.ReliableTaildirEventReader$Builder.build(ReliableTaildirEventReader.java:391)
	at org.apache.flume.source.taildir.TaildirSource.start(TaildirSource.java:97)
	at org.apache.flume.source.taildir.TestTaildirSource.testRegexFileNameFiltering(TestTaildirSource.java:101)
	at sun.reflect.NativeMethodAccessorImpl.invoke0(Native Method)
	at sun.reflect.NativeMethodAccessorImpl.invoke(NativeMethodAccessorImpl.java:62)
	at sun.reflect.DelegatingMethodAccessorImpl.invoke(DelegatingMethodAccessorImpl.java:43)
	at java.lang.reflect.Method.invoke(Method.java:498)
	at org.junit.runners.model.FrameworkMethod$1.runReflectiveCall(FrameworkMethod.java:45)
	at org.junit.internal.runners.model.ReflectiveCallable.run(ReflectiveCallable.java:15)
	at org.junit.runners.model.FrameworkMethod.invokeExplosively(FrameworkMethod.java:42)
	at org.junit.internal.runners.statements.InvokeMethod.evaluate(InvokeMethod.java:20)
	at org.junit.internal.runners.statements.RunBefores.evaluate(RunBefores.java:28)
	at org.junit.internal.runners.statements.RunAfters.evaluate(RunAfters.java:30)
	at org.junit.runners.ParentRunner.runLeaf(ParentRunner.java:263)
	at org.junit.runners.BlockJUnit4ClassRunner.runChild(BlockJUnit4ClassRunner.java:68)
	at org.junit.runners.BlockJUnit4ClassRunner.runChild(BlockJUnit4ClassRunner.java:47)
	at org.junit.runners.ParentRunner$3.run(ParentRunner.java:231)
	at org.junit.runners.ParentRunner$1.schedule(ParentRunner.java:60)
	at org.junit.runners.ParentRunner.runChildren(ParentRunner.java:229)
	at org.junit.runners.ParentRunner.access$000(ParentRunner.java:50)
	at org.junit.runners.ParentRunner$2.evaluate(ParentRunner.java:222)
	at org.junit.runners.ParentRunner.run(ParentRunner.java:300)
	at org.apache.maven.surefire.junit4.JUnit4Provider.execute(JUnit4Provider.java:252)
	at org.apache.maven.surefire.junit4.JUnit4Provider.executeTestSet(JUnit4Provider.java:141)
	at org.apache.maven.surefire.junit4.JUnit4Provider.invoke(JUnit4Provider.java:112)
	at sun.reflect.NativeMethodAccessorImpl.invoke0(Native Method)
	at sun.reflect.NativeMethodAccessorImpl.invoke(NativeMethodAccessorImpl.java:62)
	at sun.reflect.DelegatingMethodAccessorImpl.invoke(DelegatingMethodAccessorImpl.java:43)
	at java.lang.reflect.Method.invoke(Method.java:498)
	at org.apache.maven.surefire.util.ReflectionUtils.invokeMethodWithArray(ReflectionUtils.java:189)
	at org.apache.maven.surefire.booter.ProviderFactory$ProviderProxy.invoke(ProviderFactory.java:165)
	at org.apache.maven.surefire.booter.ProviderFactory.invokeProvider(ProviderFactory.java:85)
	at org.apache.maven.surefire.booter.ForkedBooter.runSuitesInProcess(ForkedBooter.java:115)
	at org.apache.maven.surefire.booter.ForkedBooter.main(ForkedBooter.java:75)
</error>
    <system-err>log4j:WARN No appenders could be found for logger (org.apache.flume.source.taildir.TaildirSource).
log4j:WARN Please initialize the log4j system properly.
log4j:WARN See http://logging.apache.org/log4j/1.2/faq.html#noconfig for more info.
</system-err>
  </testcase>
  <testcase classname="org.apache.flume.source.taildir.TestTaildirSource" name="testHeaderMapping" time="0.017">
    <error message="View &apos;unix&apos; not available" type="java.lang.UnsupportedOperationException">java.lang.UnsupportedOperationException: View &apos;unix&apos; not available
	at sun.nio.fs.AbstractFileSystemProvider.readAttributes(AbstractFileSystemProvider.java:91)
	at java.nio.file.Files.readAttributes(Files.java:1964)
	at java.nio.file.Files.getAttribute(Files.java:1869)
	at org.apache.flume.source.taildir.ReliableTaildirEventReader.getInode(ReliableTaildirEventReader.java:342)
	at org.apache.flume.source.taildir.ReliableTaildirEventReader.updateTailFiles(ReliableTaildirEventReader.java:249)
	at org.apache.flume.source.taildir.ReliableTaildirEventReader.&lt;init&gt;(ReliableTaildirEventReader.java:97)
	at org.apache.flume.source.taildir.ReliableTaildirEventReader.&lt;init&gt;(ReliableTaildirEventReader.java:55)
	at org.apache.flume.source.taildir.ReliableTaildirEventReader$Builder.build(ReliableTaildirEventReader.java:391)
	at org.apache.flume.source.taildir.TaildirSource.start(TaildirSource.java:97)
	at org.apache.flume.source.taildir.TestTaildirSource.testHeaderMapping(TestTaildirSource.java:144)
	at sun.reflect.NativeMethodAccessorImpl.invoke0(Native Method)
	at sun.reflect.NativeMethodAccessorImpl.invoke(NativeMethodAccessorImpl.java:62)
	at sun.reflect.DelegatingMethodAccessorImpl.invoke(DelegatingMethodAccessorImpl.java:43)
	at java.lang.reflect.Method.invoke(Method.java:498)
	at org.junit.runners.model.FrameworkMethod$1.runReflectiveCall(FrameworkMethod.java:45)
	at org.junit.internal.runners.model.ReflectiveCallable.run(ReflectiveCallable.java:15)
	at org.junit.runners.model.FrameworkMethod.invokeExplosively(FrameworkMethod.java:42)
	at org.junit.internal.runners.statements.InvokeMethod.evaluate(InvokeMethod.java:20)
	at org.junit.internal.runners.statements.RunBefores.evaluate(RunBefores.java:28)
	at org.junit.internal.runners.statements.RunAfters.evaluate(RunAfters.java:30)
	at org.junit.runners.ParentRunner.runLeaf(ParentRunner.java:263)
	at org.junit.runners.BlockJUnit4ClassRunner.runChild(BlockJUnit4ClassRunner.java:68)
	at org.junit.runners.BlockJUnit4ClassRunner.runChild(BlockJUnit4ClassRunner.java:47)
	at org.junit.runners.ParentRunner$3.run(ParentRunner.java:231)
	at org.junit.runners.ParentRunner$1.schedule(ParentRunner.java:60)
	at org.junit.runners.ParentRunner.runChildren(ParentRunner.java:229)
	at org.junit.runners.ParentRunner.access$000(ParentRunner.java:50)
	at org.junit.runners.ParentRunner$2.evaluate(ParentRunner.java:222)
	at org.junit.runners.ParentRunner.run(ParentRunner.java:300)
	at org.apache.maven.surefire.junit4.JUnit4Provider.execute(JUnit4Provider.java:252)
	at org.apache.maven.surefire.junit4.JUnit4Provider.executeTestSet(JUnit4Provider.java:141)
	at org.apache.maven.surefire.junit4.JUnit4Provider.invoke(JUnit4Provider.java:112)
	at sun.reflect.NativeMethodAccessorImpl.invoke0(Native Method)
	at sun.reflect.NativeMethodAccessorImpl.invoke(NativeMethodAccessorImpl.java:62)
	at sun.reflect.DelegatingMethodAccessorImpl.invoke(DelegatingMethodAccessorImpl.java:43)
	at java.lang.reflect.Method.invoke(Method.java:498)
	at org.apache.maven.surefire.util.ReflectionUtils.invokeMethodWithArray(ReflectionUtils.java:189)
	at org.apache.maven.surefire.booter.ProviderFactory$ProviderProxy.invoke(ProviderFactory.java:165)
	at org.apache.maven.surefire.booter.ProviderFactory.invokeProvider(ProviderFactory.java:85)
	at org.apache.maven.surefire.booter.ForkedBooter.runSuitesInProcess(ForkedBooter.java:115)
	at org.apache.maven.surefire.booter.ForkedBooter.main(ForkedBooter.java:75)
</error>
  </testcase>
  <testcase classname="org.apache.flume.source.taildir.TestTaildirSource" name="testFileConsumeOrder" time="4.029">
    <error message="View &apos;unix&apos; not available" type="java.lang.UnsupportedOperationException">java.lang.UnsupportedOperationException: View &apos;unix&apos; not available
	at sun.nio.fs.AbstractFileSystemProvider.readAttributes(AbstractFileSystemProvider.java:91)
	at java.nio.file.Files.readAttributes(Files.java:1964)
	at java.nio.file.Files.getAttribute(Files.java:1869)
	at org.apache.flume.source.taildir.ReliableTaildirEventReader.getInode(ReliableTaildirEventReader.java:342)
	at org.apache.flume.source.taildir.ReliableTaildirEventReader.updateTailFiles(ReliableTaildirEventReader.java:249)
	at org.apache.flume.source.taildir.ReliableTaildirEventReader.&lt;init&gt;(ReliableTaildirEventReader.java:97)
	at org.apache.flume.source.taildir.ReliableTaildirEventReader.&lt;init&gt;(ReliableTaildirEventReader.java:55)
	at org.apache.flume.source.taildir.ReliableTaildirEventReader$Builder.build(ReliableTaildirEventReader.java:391)
	at org.apache.flume.source.taildir.TaildirSource.start(TaildirSource.java:97)
	at org.apache.flume.source.taildir.TestTaildirSource.testFileConsumeOrder(TestTaildirSource.java:258)
	at sun.reflect.NativeMethodAccessorImpl.invoke0(Native Method)
	at sun.reflect.NativeMethodAccessorImpl.invoke(NativeMethodAccessorImpl.java:62)
	at sun.reflect.DelegatingMethodAccessorImpl.invoke(DelegatingMethodAccessorImpl.java:43)
	at java.lang.reflect.Method.invoke(Method.java:498)
	at org.junit.runners.model.FrameworkMethod$1.runReflectiveCall(FrameworkMethod.java:45)
	at org.junit.internal.runners.model.ReflectiveCallable.run(ReflectiveCallable.java:15)
	at org.junit.runners.model.FrameworkMethod.invokeExplosively(FrameworkMethod.java:42)
	at org.junit.internal.runners.statements.InvokeMethod.evaluate(InvokeMethod.java:20)
	at org.junit.internal.runners.statements.RunBefores.evaluate(RunBefores.java:28)
	at org.junit.internal.runners.statements.RunAfters.evaluate(RunAfters.java:30)
	at org.junit.runners.ParentRunner.runLeaf(ParentRunner.java:263)
	at org.junit.runners.BlockJUnit4ClassRunner.runChild(BlockJUnit4ClassRunner.java:68)
	at org.junit.runners.BlockJUnit4ClassRunner.runChild(BlockJUnit4ClassRunner.java:47)
	at org.junit.runners.ParentRunner$3.run(ParentRunner.java:231)
	at org.junit.runners.ParentRunner$1.schedule(ParentRunner.java:60)
	at org.junit.runners.ParentRunner.runChildren(ParentRunner.java:229)
	at org.junit.runners.ParentRunner.access$000(ParentRunner.java:50)
	at org.junit.runners.ParentRunner$2.evaluate(ParentRunner.java:222)
	at org.junit.runners.ParentRunner.run(ParentRunner.java:300)
	at org.apache.maven.surefire.junit4.JUnit4Provider.execute(JUnit4Provider.java:252)
	at org.apache.maven.surefire.junit4.JUnit4Provider.executeTestSet(JUnit4Provider.java:141)
	at org.apache.maven.surefire.junit4.JUnit4Provider.invoke(JUnit4Provider.java:112)
	at sun.reflect.NativeMethodAccessorImpl.invoke0(Native Method)
	at sun.reflect.NativeMethodAccessorImpl.invoke(NativeMethodAccessorImpl.java:62)
	at sun.reflect.DelegatingMethodAccessorImpl.invoke(DelegatingMethodAccessorImpl.java:43)
	at java.lang.reflect.Method.invoke(Method.java:498)
	at org.apache.maven.surefire.util.ReflectionUtils.invokeMethodWithArray(ReflectionUtils.java:189)
	at org.apache.maven.surefire.booter.ProviderFactory$ProviderProxy.invoke(ProviderFactory.java:165)
	at org.apache.maven.surefire.booter.ProviderFactory.invokeProvider(ProviderFactory.java:85)
	at org.apache.maven.surefire.booter.ForkedBooter.runSuitesInProcess(ForkedBooter.java:115)
	at org.apache.maven.surefire.booter.ForkedBooter.main(ForkedBooter.java:75)
</error>
    <system-out>C:\Users\ADMINI~1\AppData\Local\Temp\1561303047563-0
</system-out>
  </testcase>
  <testcase classname="org.apache.flume.source.taildir.TestTaildirSource" name="testLifecycle" time="0.008">
    <error message="View &apos;unix&apos; not available" type="java.lang.UnsupportedOperationException">java.lang.UnsupportedOperationException: View &apos;unix&apos; not available
	at sun.nio.fs.AbstractFileSystemProvider.readAttributes(AbstractFileSystemProvider.java:91)
	at java.nio.file.Files.readAttributes(Files.java:1964)
	at java.nio.file.Files.getAttribute(Files.java:1869)
	at org.apache.flume.source.taildir.ReliableTaildirEventReader.getInode(ReliableTaildirEventReader.java:342)
	at org.apache.flume.source.taildir.ReliableTaildirEventReader.updateTailFiles(ReliableTaildirEventReader.java:249)
	at org.apache.flume.source.taildir.ReliableTaildirEventReader.&lt;init&gt;(ReliableTaildirEventReader.java:97)
	at org.apache.flume.source.taildir.ReliableTaildirEventReader.&lt;init&gt;(ReliableTaildirEventReader.java:55)
	at org.apache.flume.source.taildir.ReliableTaildirEventReader$Builder.build(ReliableTaildirEventReader.java:391)
	at org.apache.flume.source.taildir.TaildirSource.start(TaildirSource.java:97)
	at org.apache.flume.source.taildir.TestTaildirSource.testLifecycle(TestTaildirSource.java:181)
	at sun.reflect.NativeMethodAccessorImpl.invoke0(Native Method)
	at sun.reflect.NativeMethodAccessorImpl.invoke(NativeMethodAccessorImpl.java:62)
	at sun.reflect.DelegatingMethodAccessorImpl.invoke(DelegatingMethodAccessorImpl.java:43)
	at java.lang.reflect.Method.invoke(Method.java:498)
	at org.junit.runners.model.FrameworkMethod$1.runReflectiveCall(FrameworkMethod.java:45)
	at org.junit.internal.runners.model.ReflectiveCallable.run(ReflectiveCallable.java:15)
	at org.junit.runners.model.FrameworkMethod.invokeExplosively(FrameworkMethod.java:42)
	at org.junit.internal.runners.statements.InvokeMethod.evaluate(InvokeMethod.java:20)
	at org.junit.internal.runners.statements.RunBefores.evaluate(RunBefores.java:28)
	at org.junit.internal.runners.statements.RunAfters.evaluate(RunAfters.java:30)
	at org.junit.runners.ParentRunner.runLeaf(ParentRunner.java:263)
	at org.junit.runners.BlockJUnit4ClassRunner.runChild(BlockJUnit4ClassRunner.java:68)
	at org.junit.runners.BlockJUnit4ClassRunner.runChild(BlockJUnit4ClassRunner.java:47)
	at org.junit.runners.ParentRunner$3.run(ParentRunner.java:231)
	at org.junit.runners.ParentRunner$1.schedule(ParentRunner.java:60)
	at org.junit.runners.ParentRunner.runChildren(ParentRunner.java:229)
	at org.junit.runners.ParentRunner.access$000(ParentRunner.java:50)
	at org.junit.runners.ParentRunner$2.evaluate(ParentRunner.java:222)
	at org.junit.runners.ParentRunner.run(ParentRunner.java:300)
	at org.apache.maven.surefire.junit4.JUnit4Provider.execute(JUnit4Provider.java:252)
	at org.apache.maven.surefire.junit4.JUnit4Provider.executeTestSet(JUnit4Provider.java:141)
	at org.apache.maven.surefire.junit4.JUnit4Provider.invoke(JUnit4Provider.java:112)
	at sun.reflect.NativeMethodAccessorImpl.invoke0(Native Method)
	at sun.reflect.NativeMethodAccessorImpl.invoke(NativeMethodAccessorImpl.java:62)
	at sun.reflect.DelegatingMethodAccessorImpl.invoke(DelegatingMethodAccessorImpl.java:43)
	at java.lang.reflect.Method.invoke(Method.java:498)
	at org.apache.maven.surefire.util.ReflectionUtils.invokeMethodWithArray(ReflectionUtils.java:189)
	at org.apache.maven.surefire.booter.ProviderFactory$ProviderProxy.invoke(ProviderFactory.java:165)
	at org.apache.maven.surefire.booter.ProviderFactory.invokeProvider(ProviderFactory.java:85)
	at org.apache.maven.surefire.booter.ForkedBooter.runSuitesInProcess(ForkedBooter.java:115)
	at org.apache.maven.surefire.booter.ForkedBooter.main(ForkedBooter.java:75)
</error>
  </testcase>
</testsuite>